<?xml version="1.0" encoding="UTF-8"?>
<testng-results skipped="0" failed="1" ignored="0" total="4" passed="3">
  <reporter-output>
  </reporter-output>
  <suite name="Test-Suite-CicekSepetiUITestCases" duration-ms="21073" started-at="2022-02-24T12:05:30 EET" finished-at="2022-02-24T12:05:51 EET">
    <groups>
    </groups>
    <test name="TestiniumCaseChrome" duration-ms="21073" started-at="2022-02-24T12:05:30 EET" finished-at="2022-02-24T12:05:51 EET">
      <class name="testCases.loginPageTestCases.LoginPageTestCases">
        <test-method status="PASS" signature="setUp(java.lang.String)[pri:0, instance:testCases.loginPageTestCases.LoginPageTestCases@60cf80e7]" name="setUp" is-config="true" duration-ms="6447" started-at="2022-02-24T12:05:30 EET" finished-at="2022-02-24T12:05:36 EET">
          <params>
            <param index="0">
              <value>
                <![CDATA[chrome]]>
              </value>
            </param>
          </params>
          <reporter-output>
          </reporter-output>
        </test-method> <!-- setUp -->
        <test-method status="PASS" signature="failedLoginWithInvalidUserNameAndInvalidUserPassword(java.lang.String,java.lang.String)[pri:0, instance:testCases.loginPageTestCases.LoginPageTestCases@60cf80e7]" name="failedLoginWithInvalidUserNameAndInvalidUserPassword" duration-ms="4374" started-at="2022-02-24T12:05:36 EET" finished-at="2022-02-24T12:05:41 EET">
          <params>
            <param index="0">
              <value>
                <![CDATA[umutcanagirta@gmail.com]]>
              </value>
            </param>
            <param index="1">
              <value>
                <![CDATA[Umut1998]]>
              </value>
            </param>
          </params>
          <reporter-output>
          </reporter-output>
        </test-method> <!-- failedLoginWithInvalidUserNameAndInvalidUserPassword -->
        <test-method status="PASS" signature="failedLoginWithInvalidUserNameAndValidUserPassword(java.lang.String,java.lang.String)[pri:0, instance:testCases.loginPageTestCases.LoginPageTestCases@60cf80e7]" name="failedLoginWithInvalidUserNameAndValidUserPassword" duration-ms="2837" started-at="2022-02-24T12:05:41 EET" finished-at="2022-02-24T12:05:44 EET">
          <params>
            <param index="0">
              <value>
                <![CDATA[umutcanagirta@gmail.com]]>
              </value>
            </param>
            <param index="1">
              <value>
                <![CDATA[Umut1998.]]>
              </value>
            </param>
          </params>
          <reporter-output>
          </reporter-output>
        </test-method> <!-- failedLoginWithInvalidUserNameAndValidUserPassword -->
        <test-method status="FAIL" signature="failedLoginWithInvalidUserPasswordAndValidUserName(java.lang.String,java.lang.String)[pri:0, instance:testCases.loginPageTestCases.LoginPageTestCases@60cf80e7]" name="failedLoginWithInvalidUserPasswordAndValidUserName" duration-ms="2658" started-at="2022-02-24T12:05:44 EET" finished-at="2022-02-24T12:05:46 EET">
          <params>
            <param index="0">
              <value>
                <![CDATA[umutcanagirtas@gmail.com]]>
              </value>
            </param>
            <param index="1">
              <value>
                <![CDATA[Umut1998]]>
              </value>
            </param>
          </params>
          <exception class="java.lang.AssertionError">
            <message>
              <![CDATA[Login should have failed but ended successfully..! expected [E-mail address or password is incorrect. Please check your information and try again.] but found [E-mail address or password is incorrect. Please check your information and try again]]]>
            </message>
            <full-stacktrace>
              <![CDATA[java.lang.AssertionError: Login should have failed but ended successfully..! expected [E-mail address or password is incorrect. Please check your information and try again.] but found [E-mail address or password is incorrect. Please check your information and try again]
at org.testng.Assert.fail(Assert.java:110)
at org.testng.Assert.failNotEquals(Assert.java:1413)
at org.testng.Assert.assertEqualsImpl(Assert.java:149)
at org.testng.Assert.assertEquals(Assert.java:131)
at org.testng.Assert.assertEquals(Assert.java:655)
at testCases.loginPageTestCases.LoginPageTestCases.failedLoginWithInvalidUserPasswordAndValidUserName(LoginPageTestCases.java:64)
at sun.reflect.NativeMethodAccessorImpl.invoke0(Native Method)
at sun.reflect.NativeMethodAccessorImpl.invoke(NativeMethodAccessorImpl.java:62)
at sun.reflect.DelegatingMethodAccessorImpl.invoke(DelegatingMethodAccessorImpl.java:43)
at java.lang.reflect.Method.invoke(Method.java:498)
at org.testng.internal.invokers.MethodInvocationHelper.invokeMethod(MethodInvocationHelper.java:135)
at org.testng.internal.invokers.TestInvoker.invokeMethod(TestInvoker.java:673)
at org.testng.internal.invokers.TestInvoker.invokeTestMethod(TestInvoker.java:220)
at org.testng.internal.invokers.MethodRunner.runInSequence(MethodRunner.java:50)
at org.testng.internal.invokers.TestInvoker$MethodInvocationAgent.invoke(TestInvoker.java:945)
at org.testng.internal.invokers.TestInvoker.invokeTestMethods(TestInvoker.java:193)
at org.testng.internal.invokers.TestMethodWorker.invokeTestMethods(TestMethodWorker.java:146)
at org.testng.internal.invokers.TestMethodWorker.run(TestMethodWorker.java:128)
at java.util.ArrayList.forEach(ArrayList.java:1259)
at org.testng.TestRunner.privateRun(TestRunner.java:808)
at org.testng.TestRunner.run(TestRunner.java:603)
at org.testng.SuiteRunner.runTest(SuiteRunner.java:429)
at org.testng.SuiteRunner.runSequentially(SuiteRunner.java:423)
at org.testng.SuiteRunner.privateRun(SuiteRunner.java:383)
at org.testng.SuiteRunner.run(SuiteRunner.java:326)
at org.testng.SuiteRunnerWorker.runSuite(SuiteRunnerWorker.java:52)
at org.testng.SuiteRunnerWorker.run(SuiteRunnerWorker.java:95)
at org.testng.TestNG.runSuitesSequentially(TestNG.java:1249)
at org.testng.TestNG.runSuitesLocally(TestNG.java:1169)
at org.testng.TestNG.runSuites(TestNG.java:1092)
at org.testng.TestNG.run(TestNG.java:1060)
at org.apache.maven.surefire.testng.TestNGExecutor.run(TestNGExecutor.java:283)
at org.apache.maven.surefire.testng.TestNGXmlTestSuite.execute(TestNGXmlTestSuite.java:75)
at org.apache.maven.surefire.testng.TestNGProvider.invoke(TestNGProvider.java:120)
at org.apache.maven.surefire.booter.ForkedBooter.invokeProviderInSameClassLoader(ForkedBooter.java:386)
at org.apache.maven.surefire.booter.ForkedBooter.runSuitesInProcess(ForkedBooter.java:323)
at org.apache.maven.surefire.booter.ForkedBooter.main(ForkedBooter.java:143)
]]>
            </full-stacktrace>
          </exception> <!-- java.lang.AssertionError -->
          <reporter-output>
          </reporter-output>
        </test-method> <!-- failedLoginWithInvalidUserPasswordAndValidUserName -->
        <test-method status="PASS" signature="successfulLogin(java.lang.String,java.lang.String)[pri:0, instance:testCases.loginPageTestCases.LoginPageTestCases@60cf80e7]" name="successfulLogin" duration-ms="3729" started-at="2022-02-24T12:05:46 EET" finished-at="2022-02-24T12:05:50 EET">
          <params>
            <param index="0">
              <value>
                <![CDATA[umutcanagirtas@gmail.com]]>
              </value>
            </param>
            <param index="1">
              <value>
                <![CDATA[Umut1998.]]>
              </value>
            </param>
          </params>
          <reporter-output>
          </reporter-output>
        </test-method> <!-- successfulLogin -->
        <test-method status="PASS" signature="terminateWebDriver()[pri:0, instance:testCases.loginPageTestCases.LoginPageTestCases@60cf80e7]" name="terminateWebDriver" is-config="true" duration-ms="649" started-at="2022-02-24T12:05:50 EET" finished-at="2022-02-24T12:05:51 EET">
          <reporter-output>
          </reporter-output>
        </test-method> <!-- terminateWebDriver -->
      </class> <!-- testCases.loginPageTestCases.LoginPageTestCases -->
    </test> <!-- TestiniumCaseChrome -->
  </suite> <!-- Test-Suite-CicekSepetiUITestCases -->
</testng-results>
