<?xml version="1.0" encoding="UTF-8"?>
<!-- Generated by org.testng.reporters.JUnitReportReporter -->
<testsuite skipped="0" hostname="DESKTOP-GEEQ38M" name="testCases.loginPageTestCases.LoginPageTestCases" tests="4" failures="1" timestamp="2022-02-24T12:05:51 EET" time="13.598" errors="0">
  <testcase name="successfulLogin" time="3.729" classname="testCases.loginPageTestCases.LoginPageTestCases"/>
  <system-out/>
  <testcase name="failedLoginWithInvalidUserPasswordAndValidUserName" time="2.658" classname="testCases.loginPageTestCases.LoginPageTestCases">
    <failure type="java.lang.AssertionError" message="Login should have failed but ended successfully..! expected [E-mail address or password is incorrect. Please check your information and try again.] but found [E-mail address or password is incorrect. Please check your information and try again]">
      <![CDATA[java.lang.AssertionError: Login should have failed but ended successfully..! expected [E-mail address or password is incorrect. Please check your information and try again.] but found [E-mail address or password is incorrect. Please check your information and try again]
at org.testng.Assert.fail(Assert.java:110)
at org.testng.Assert.failNotEquals(Assert.java:1413)
at org.testng.Assert.assertEqualsImpl(Assert.java:149)
at org.testng.Assert.assertEquals(Assert.java:131)
at org.testng.Assert.assertEquals(Assert.java:655)
at testCases.loginPageTestCases.LoginPageTestCases.failedLoginWithInvalidUserPasswordAndValidUserName(LoginPageTestCases.java:64)
at sun.reflect.NativeMethodAccessorImpl.invoke0(Native Method)
at sun.reflect.NativeMethodAccessorImpl.invoke(NativeMethodAccessorImpl.java:62)
at sun.reflect.DelegatingMethodAccessorImpl.invoke(DelegatingMethodAccessorImpl.java:43)
at java.lang.reflect.Method.invoke(Method.java:498)
at org.testng.internal.invokers.MethodInvocationHelper.invokeMethod(MethodInvocationHelper.java:135)
at org.testng.internal.invokers.TestInvoker.invokeMethod(TestInvoker.java:673)
at org.testng.internal.invokers.TestInvoker.invokeTestMethod(TestInvoker.java:220)
at org.testng.internal.invokers.MethodRunner.runInSequence(MethodRunner.java:50)
at org.testng.internal.invokers.TestInvoker$MethodInvocationAgent.invoke(TestInvoker.java:945)
at org.testng.internal.invokers.TestInvoker.invokeTestMethods(TestInvoker.java:193)
at org.testng.internal.invokers.TestMethodWorker.invokeTestMethods(TestMethodWorker.java:146)
at org.testng.internal.invokers.TestMethodWorker.run(TestMethodWorker.java:128)
at java.util.ArrayList.forEach(ArrayList.java:1259)
at org.testng.TestRunner.privateRun(TestRunner.java:808)
at org.testng.TestRunner.run(TestRunner.java:603)
at org.testng.SuiteRunner.runTest(SuiteRunner.java:429)
at org.testng.SuiteRunner.runSequentially(SuiteRunner.java:423)
at org.testng.SuiteRunner.privateRun(SuiteRunner.java:383)
at org.testng.SuiteRunner.run(SuiteRunner.java:326)
at org.testng.SuiteRunnerWorker.runSuite(SuiteRunnerWorker.java:52)
at org.testng.SuiteRunnerWorker.run(SuiteRunnerWorker.java:95)
at org.testng.TestNG.runSuitesSequentially(TestNG.java:1249)
at org.testng.TestNG.runSuitesLocally(TestNG.java:1169)
at org.testng.TestNG.runSuites(TestNG.java:1092)
at org.testng.TestNG.run(TestNG.java:1060)
at org.apache.maven.surefire.testng.TestNGExecutor.run(TestNGExecutor.java:283)
at org.apache.maven.surefire.testng.TestNGXmlTestSuite.execute(TestNGXmlTestSuite.java:75)
at org.apache.maven.surefire.testng.TestNGProvider.invoke(TestNGProvider.java:120)
at org.apache.maven.surefire.booter.ForkedBooter.invokeProviderInSameClassLoader(ForkedBooter.java:386)
at org.apache.maven.surefire.booter.ForkedBooter.runSuitesInProcess(ForkedBooter.java:323)
at org.apache.maven.surefire.booter.ForkedBooter.main(ForkedBooter.java:143)
]]>
    </failure>
  </testcase> <!-- failedLoginWithInvalidUserPasswordAndValidUserName -->
  <system-out/>
  <testcase name="failedLoginWithInvalidUserNameAndInvalidUserPassword" time="4.374" classname="testCases.loginPageTestCases.LoginPageTestCases"/>
  <system-out/>
  <testcase name="failedLoginWithInvalidUserNameAndValidUserPassword" time="2.837" classname="testCases.loginPageTestCases.LoginPageTestCases"/>
  <system-out/>
</testsuite> <!-- testCases.loginPageTestCases.LoginPageTestCases -->
